[28-Apr-2014 11:10:43 Europe/Copenhagen] PHP Warning:  Retrying (1). Could not fetch: https://www.readability.com/api/content/v1/parser?url=http%3A%2F%2Fekstrabladet.dk%2Fsport%2Ffodbold%2Fudenlandsk_fodbold%2Fengelsk_fodbold%2FPremierLeague%2Farticle2270163.ece&token=a0cd2303be9f69868365ed2d1fd1f0d4c7328c0b in /Applications/MAMP/htdocs/newsscraper/newsscraper/classes/Logger.class.php on line 13
[28-Apr-2014 11:11:18 Europe/Copenhagen] PHP Warning:  Retrying (2). Could not fetch: https://www.readability.com/api/content/v1/parser?url=http%3A%2F%2Fekstrabladet.dk%2Fsport%2Ffodbold%2Fudenlandsk_fodbold%2Fengelsk_fodbold%2FPremierLeague%2Farticle2270163.ece&token=a0cd2303be9f69868365ed2d1fd1f0d4c7328c0b in /Applications/MAMP/htdocs/newsscraper/newsscraper/classes/Logger.class.php on line 13
[28-Apr-2014 11:11:36 Europe/Copenhagen] PHP Warning:  Retrying (3). Could not fetch: https://www.readability.com/api/content/v1/parser?url=http%3A%2F%2Fekstrabladet.dk%2Fsport%2Ffodbold%2Fudenlandsk_fodbold%2Fengelsk_fodbold%2FPremierLeague%2Farticle2270163.ece&token=a0cd2303be9f69868365ed2d1fd1f0d4c7328c0b in /Applications/MAMP/htdocs/newsscraper/newsscraper/classes/Logger.class.php on line 13
[28-Apr-2014 11:12:07 Europe/Copenhagen] PHP Warning:  Retrying (1). Could not fetch: http://politiken.dk/rss/senestenyt.rss
 in /Applications/MAMP/htdocs/newsscraper/newsscraper/classes/Logger.class.php on line 13
[28-Apr-2014 11:12:07 Europe/Copenhagen] PHP Warning:  Retrying (2). Could not fetch: http://politiken.dk/rss/senestenyt.rss
 in /Applications/MAMP/htdocs/newsscraper/newsscraper/classes/Logger.class.php on line 13
[28-Apr-2014 11:12:07 Europe/Copenhagen] PHP Warning:  Retrying (3). Could not fetch: http://politiken.dk/rss/senestenyt.rss
 in /Applications/MAMP/htdocs/newsscraper/newsscraper/classes/Logger.class.php on line 13
[28-Apr-2014 11:12:07 Europe/Copenhagen] PHP Warning:  Aborting. Could not fetch: http://politiken.dk/rss/senestenyt.rss
 in /Applications/MAMP/htdocs/newsscraper/newsscraper/classes/Logger.class.php on line 13
[28-Apr-2014 11:12:07 Europe/Copenhagen] PHP Warning:  Non-valid or empty feed: http://politiken.dk/rss/senestenyt.rss
 in /Applications/MAMP/htdocs/newsscraper/newsscraper/classes/Logger.class.php on line 13
[28-Apr-2014 11:27:52 Europe/Copenhagen] PHP Warning:  Retrying (1). Could not fetch: https://www.readability.com/api/content/v1/parser?url=http%3A%2F%2Fferieliv.dk%2F2014%2F17%2FIsland-giver-dig+nordens-bedste-hotelpriser.aspx&token=a0cd2303be9f69868365ed2d1fd1f0d4c7328c0b in /Applications/MAMP/htdocs/newsscraper/newsscraper/classes/Logger.class.php on line 13
[28-Apr-2014 11:27:53 Europe/Copenhagen] PHP Warning:  Retrying (2). Could not fetch: https://www.readability.com/api/content/v1/parser?url=http%3A%2F%2Fferieliv.dk%2F2014%2F17%2FIsland-giver-dig+nordens-bedste-hotelpriser.aspx&token=a0cd2303be9f69868365ed2d1fd1f0d4c7328c0b in /Applications/MAMP/htdocs/newsscraper/newsscraper/classes/Logger.class.php on line 13
[28-Apr-2014 11:27:54 Europe/Copenhagen] PHP Warning:  Retrying (3). Could not fetch: https://www.readability.com/api/content/v1/parser?url=http%3A%2F%2Fferieliv.dk%2F2014%2F17%2FIsland-giver-dig+nordens-bedste-hotelpriser.aspx&token=a0cd2303be9f69868365ed2d1fd1f0d4c7328c0b in /Applications/MAMP/htdocs/newsscraper/newsscraper/classes/Logger.class.php on line 13
[28-Apr-2014 11:27:54 Europe/Copenhagen] PHP Warning:  Aborting. Could not fetch: https://www.readability.com/api/content/v1/parser?url=http%3A%2F%2Fferieliv.dk%2F2014%2F17%2FIsland-giver-dig+nordens-bedste-hotelpriser.aspx&token=a0cd2303be9f69868365ed2d1fd1f0d4c7328c0b in /Applications/MAMP/htdocs/newsscraper/newsscraper/classes/Logger.class.php on line 13
[28-Apr-2014 11:27:54 Europe/Copenhagen] PHP Warning:  Empty parse-response: https://www.readability.com/api/content/v1/parser?url=http%3A%2F%2Fferieliv.dk%2F2014%2F17%2FIsland-giver-dig+nordens-bedste-hotelpriser.aspx&token=a0cd2303be9f69868365ed2d1fd1f0d4c7328c0b in /Applications/MAMP/htdocs/newsscraper/newsscraper/classes/Logger.class.php on line 13
[28-Apr-2014 11:27:54 Europe/Copenhagen] PHP Warning:  Retrying (1). Could not fetch: http://free.sharedcount.com/?apikey=f9deb6270c697bc7cfc5596543be6a7f519747c8&url= in /Applications/MAMP/htdocs/newsscraper/newsscraper/classes/Logger.class.php on line 13
[28-Apr-2014 11:27:55 Europe/Copenhagen] PHP Warning:  Retrying (2). Could not fetch: http://free.sharedcount.com/?apikey=f9deb6270c697bc7cfc5596543be6a7f519747c8&url= in /Applications/MAMP/htdocs/newsscraper/newsscraper/classes/Logger.class.php on line 13
[28-Apr-2014 11:27:55 Europe/Copenhagen] PHP Warning:  Retrying (3). Could not fetch: http://free.sharedcount.com/?apikey=f9deb6270c697bc7cfc5596543be6a7f519747c8&url= in /Applications/MAMP/htdocs/newsscraper/newsscraper/classes/Logger.class.php on line 13
[28-Apr-2014 11:27:55 Europe/Copenhagen] PHP Warning:  Aborting. Could not fetch: http://free.sharedcount.com/?apikey=f9deb6270c697bc7cfc5596543be6a7f519747c8&url= in /Applications/MAMP/htdocs/newsscraper/newsscraper/classes/Logger.class.php on line 13
[28-Apr-2014 11:27:55 Europe/Copenhagen] PHP Warning:  Empty score-response: http://free.sharedcount.com/?apikey=f9deb6270c697bc7cfc5596543be6a7f519747c8&url= in /Applications/MAMP/htdocs/newsscraper/newsscraper/classes/Logger.class.php on line 13
[28-Apr-2014 11:54:17 Europe/Copenhagen] PHP Warning:  Retrying (1). Could not fetch: http://politiken.dk/rss/senestenyt.rss
 in /Applications/MAMP/htdocs/newsscraper/newsscraper/classes/Logger.class.php on line 13
[28-Apr-2014 11:54:17 Europe/Copenhagen] PHP Warning:  Retrying (2). Could not fetch: http://politiken.dk/rss/senestenyt.rss
 in /Applications/MAMP/htdocs/newsscraper/newsscraper/classes/Logger.class.php on line 13
[28-Apr-2014 11:54:17 Europe/Copenhagen] PHP Warning:  Retrying (3). Could not fetch: http://politiken.dk/rss/senestenyt.rss
 in /Applications/MAMP/htdocs/newsscraper/newsscraper/classes/Logger.class.php on line 13
[28-Apr-2014 11:54:17 Europe/Copenhagen] PHP Warning:  Aborting. Could not fetch: http://politiken.dk/rss/senestenyt.rss
 in /Applications/MAMP/htdocs/newsscraper/newsscraper/classes/Logger.class.php on line 13
[28-Apr-2014 11:54:17 Europe/Copenhagen] PHP Warning:  Non-valid or empty feed: http://politiken.dk/rss/senestenyt.rss
 in /Applications/MAMP/htdocs/newsscraper/newsscraper/classes/Logger.class.php on line 13
[28-Apr-2014 11:56:54 Europe/Copenhagen] PHP Warning:  Retrying (1). Could not fetch: https://www.readability.com/api/content/v1/parser?url=http%3A%2F%2Fwww.b.dk%2Fnationalt%2Fse-og-hoer-chefredaktoer-kender-ikke-til-systematisk-overvaagning&token=a0cd2303be9f69868365ed2d1fd1f0d4c7328c0b in /Applications/MAMP/htdocs/newsscraper/newsscraper/classes/Logger.class.php on line 13
[28-Apr-2014 11:58:40 Europe/Copenhagen] PHP Warning:  Retrying (1). Could not fetch: https://www.readability.com/api/content/v1/parser?url=http%3A%2F%2Fferieliv.dk%2F2014%2F17%2FIsland-giver-dig+nordens-bedste-hotelpriser.aspx&token=a0cd2303be9f69868365ed2d1fd1f0d4c7328c0b in /Applications/MAMP/htdocs/newsscraper/newsscraper/classes/Logger.class.php on line 13
[28-Apr-2014 11:58:41 Europe/Copenhagen] PHP Warning:  Retrying (2). Could not fetch: https://www.readability.com/api/content/v1/parser?url=http%3A%2F%2Fferieliv.dk%2F2014%2F17%2FIsland-giver-dig+nordens-bedste-hotelpriser.aspx&token=a0cd2303be9f69868365ed2d1fd1f0d4c7328c0b in /Applications/MAMP/htdocs/newsscraper/newsscraper/classes/Logger.class.php on line 13
[28-Apr-2014 11:58:41 Europe/Copenhagen] PHP Warning:  Retrying (3). Could not fetch: https://www.readability.com/api/content/v1/parser?url=http%3A%2F%2Fferieliv.dk%2F2014%2F17%2FIsland-giver-dig+nordens-bedste-hotelpriser.aspx&token=a0cd2303be9f69868365ed2d1fd1f0d4c7328c0b in /Applications/MAMP/htdocs/newsscraper/newsscraper/classes/Logger.class.php on line 13
[28-Apr-2014 11:58:42 Europe/Copenhagen] PHP Warning:  Aborting. Could not fetch: https://www.readability.com/api/content/v1/parser?url=http%3A%2F%2Fferieliv.dk%2F2014%2F17%2FIsland-giver-dig+nordens-bedste-hotelpriser.aspx&token=a0cd2303be9f69868365ed2d1fd1f0d4c7328c0b in /Applications/MAMP/htdocs/newsscraper/newsscraper/classes/Logger.class.php on line 13
[28-Apr-2014 11:58:42 Europe/Copenhagen] PHP Warning:  Empty parse-response: https://www.readability.com/api/content/v1/parser?url=http%3A%2F%2Fferieliv.dk%2F2014%2F17%2FIsland-giver-dig+nordens-bedste-hotelpriser.aspx&token=a0cd2303be9f69868365ed2d1fd1f0d4c7328c0b in /Applications/MAMP/htdocs/newsscraper/newsscraper/classes/Logger.class.php on line 13
[28-Apr-2014 11:58:42 Europe/Copenhagen] PHP Warning:  Retrying (1). Could not fetch: http://free.sharedcount.com/?apikey=f9deb6270c697bc7cfc5596543be6a7f519747c8&url= in /Applications/MAMP/htdocs/newsscraper/newsscraper/classes/Logger.class.php on line 13
[28-Apr-2014 11:58:43 Europe/Copenhagen] PHP Warning:  Retrying (2). Could not fetch: http://free.sharedcount.com/?apikey=f9deb6270c697bc7cfc5596543be6a7f519747c8&url= in /Applications/MAMP/htdocs/newsscraper/newsscraper/classes/Logger.class.php on line 13
[28-Apr-2014 11:58:43 Europe/Copenhagen] PHP Warning:  Retrying (3). Could not fetch: http://free.sharedcount.com/?apikey=f9deb6270c697bc7cfc5596543be6a7f519747c8&url= in /Applications/MAMP/htdocs/newsscraper/newsscraper/classes/Logger.class.php on line 13
[28-Apr-2014 11:58:43 Europe/Copenhagen] PHP Warning:  Aborting. Could not fetch: http://free.sharedcount.com/?apikey=f9deb6270c697bc7cfc5596543be6a7f519747c8&url= in /Applications/MAMP/htdocs/newsscraper/newsscraper/classes/Logger.class.php on line 13
[28-Apr-2014 11:58:43 Europe/Copenhagen] PHP Warning:  Empty score-response: http://free.sharedcount.com/?apikey=f9deb6270c697bc7cfc5596543be6a7f519747c8&url= in /Applications/MAMP/htdocs/newsscraper/newsscraper/classes/Logger.class.php on line 13
[28-Apr-2014 11:59:42 Europe/Copenhagen] PHP Warning:  Retrying (1). Could not fetch: https://www.readability.com/api/content/v1/parser?url=http%3A%2F%2Fviborg-folkeblad.dk%2Findland%2Fni-ud-af-ti-patienter-tilfredse-med-sygehusvaesnet&token=a0cd2303be9f69868365ed2d1fd1f0d4c7328c0b in /Applications/MAMP/htdocs/newsscraper/newsscraper/classes/Logger.class.php on line 13
[28-Apr-2014 12:00:15 Europe/Copenhagen] PHP Warning:  Retrying (1). Could not fetch: https://www.readability.com/api/content/v1/parser?url=http%3A%2F%2Fviborg-folkeblad.dk%2Findland%2Fse-og-hoers-chefredaktoer-kender-ikke-til-systematisk-overvaagning&token=a0cd2303be9f69868365ed2d1fd1f0d4c7328c0b in /Applications/MAMP/htdocs/newsscraper/newsscraper/classes/Logger.class.php on line 13
[28-Apr-2014 12:00:39 Europe/Copenhagen] PHP Warning:  Retrying (2). Could not fetch: https://www.readability.com/api/content/v1/parser?url=http%3A%2F%2Fviborg-folkeblad.dk%2Findland%2Fse-og-hoers-chefredaktoer-kender-ikke-til-systematisk-overvaagning&token=a0cd2303be9f69868365ed2d1fd1f0d4c7328c0b in /Applications/MAMP/htdocs/newsscraper/newsscraper/classes/Logger.class.php on line 13
[28-Apr-2014 12:01:02 Europe/Copenhagen] PHP Warning:  Retrying (3). Could not fetch: https://www.readability.com/api/content/v1/parser?url=http%3A%2F%2Fviborg-folkeblad.dk%2Findland%2Fse-og-hoers-chefredaktoer-kender-ikke-til-systematisk-overvaagning&token=a0cd2303be9f69868365ed2d1fd1f0d4c7328c0b in /Applications/MAMP/htdocs/newsscraper/newsscraper/classes/Logger.class.php on line 13
[28-Apr-2014 12:01:26 Europe/Copenhagen] PHP Warning:  Aborting. Could not fetch: https://www.readability.com/api/content/v1/parser?url=http%3A%2F%2Fviborg-folkeblad.dk%2Findland%2Fse-og-hoers-chefredaktoer-kender-ikke-til-systematisk-overvaagning&token=a0cd2303be9f69868365ed2d1fd1f0d4c7328c0b in /Applications/MAMP/htdocs/newsscraper/newsscraper/classes/Logger.class.php on line 13
[28-Apr-2014 12:01:26 Europe/Copenhagen] PHP Warning:  Empty parse-response: https://www.readability.com/api/content/v1/parser?url=http%3A%2F%2Fviborg-folkeblad.dk%2Findland%2Fse-og-hoers-chefredaktoer-kender-ikke-til-systematisk-overvaagning&token=a0cd2303be9f69868365ed2d1fd1f0d4c7328c0b in /Applications/MAMP/htdocs/newsscraper/newsscraper/classes/Logger.class.php on line 13
[28-Apr-2014 12:01:26 Europe/Copenhagen] PHP Warning:  Retrying (1). Could not fetch: http://free.sharedcount.com/?apikey=f9deb6270c697bc7cfc5596543be6a7f519747c8&url= in /Applications/MAMP/htdocs/newsscraper/newsscraper/classes/Logger.class.php on line 13
[28-Apr-2014 12:01:26 Europe/Copenhagen] PHP Warning:  Retrying (2). Could not fetch: http://free.sharedcount.com/?apikey=f9deb6270c697bc7cfc5596543be6a7f519747c8&url= in /Applications/MAMP/htdocs/newsscraper/newsscraper/classes/Logger.class.php on line 13
[28-Apr-2014 12:01:26 Europe/Copenhagen] PHP Warning:  Retrying (3). Could not fetch: http://free.sharedcount.com/?apikey=f9deb6270c697bc7cfc5596543be6a7f519747c8&url= in /Applications/MAMP/htdocs/newsscraper/newsscraper/classes/Logger.class.php on line 13
[28-Apr-2014 12:01:27 Europe/Copenhagen] PHP Warning:  Aborting. Could not fetch: http://free.sharedcount.com/?apikey=f9deb6270c697bc7cfc5596543be6a7f519747c8&url= in /Applications/MAMP/htdocs/newsscraper/newsscraper/classes/Logger.class.php on line 13
[28-Apr-2014 12:01:27 Europe/Copenhagen] PHP Warning:  Empty score-response: http://free.sharedcount.com/?apikey=f9deb6270c697bc7cfc5596543be6a7f519747c8&url= in /Applications/MAMP/htdocs/newsscraper/newsscraper/classes/Logger.class.php on line 13
[28-Apr-2014 12:01:38 Europe/Copenhagen] PHP Warning:  Retrying (1). Could not fetch: https://www.readability.com/api/content/v1/parser?url=http%3A%2F%2Fviborg-folkeblad.dk%2Findland%2Fny-bundrekord-i-antal-trafikdraebte&token=a0cd2303be9f69868365ed2d1fd1f0d4c7328c0b in /Applications/MAMP/htdocs/newsscraper/newsscraper/classes/Logger.class.php on line 13
[28-Apr-2014 12:02:00 Europe/Copenhagen] PHP Warning:  Retrying (2). Could not fetch: https://www.readability.com/api/content/v1/parser?url=http%3A%2F%2Fviborg-folkeblad.dk%2Findland%2Fny-bundrekord-i-antal-trafikdraebte&token=a0cd2303be9f69868365ed2d1fd1f0d4c7328c0b in /Applications/MAMP/htdocs/newsscraper/newsscraper/classes/Logger.class.php on line 13
[28-Apr-2014 12:02:23 Europe/Copenhagen] PHP Warning:  Retrying (3). Could not fetch: https://www.readability.com/api/content/v1/parser?url=http%3A%2F%2Fviborg-folkeblad.dk%2Findland%2Fny-bundrekord-i-antal-trafikdraebte&token=a0cd2303be9f69868365ed2d1fd1f0d4c7328c0b in /Applications/MAMP/htdocs/newsscraper/newsscraper/classes/Logger.class.php on line 13
[28-Apr-2014 12:02:46 Europe/Copenhagen] PHP Warning:  Aborting. Could not fetch: https://www.readability.com/api/content/v1/parser?url=http%3A%2F%2Fviborg-folkeblad.dk%2Findland%2Fny-bundrekord-i-antal-trafikdraebte&token=a0cd2303be9f69868365ed2d1fd1f0d4c7328c0b in /Applications/MAMP/htdocs/newsscraper/newsscraper/classes/Logger.class.php on line 13
[28-Apr-2014 12:02:46 Europe/Copenhagen] PHP Warning:  Empty parse-response: https://www.readability.com/api/content/v1/parser?url=http%3A%2F%2Fviborg-folkeblad.dk%2Findland%2Fny-bundrekord-i-antal-trafikdraebte&token=a0cd2303be9f69868365ed2d1fd1f0d4c7328c0b in /Applications/MAMP/htdocs/newsscraper/newsscraper/classes/Logger.class.php on line 13
[28-Apr-2014 12:02:46 Europe/Copenhagen] PHP Warning:  Retrying (1). Could not fetch: http://free.sharedcount.com/?apikey=f9deb6270c697bc7cfc5596543be6a7f519747c8&url= in /Applications/MAMP/htdocs/newsscraper/newsscraper/classes/Logger.class.php on line 13
[28-Apr-2014 12:02:47 Europe/Copenhagen] PHP Warning:  Retrying (2). Could not fetch: http://free.sharedcount.com/?apikey=f9deb6270c697bc7cfc5596543be6a7f519747c8&url= in /Applications/MAMP/htdocs/newsscraper/newsscraper/classes/Logger.class.php on line 13
[28-Apr-2014 12:02:47 Europe/Copenhagen] PHP Warning:  Retrying (3). Could not fetch: http://free.sharedcount.com/?apikey=f9deb6270c697bc7cfc5596543be6a7f519747c8&url= in /Applications/MAMP/htdocs/newsscraper/newsscraper/classes/Logger.class.php on line 13
[28-Apr-2014 12:02:47 Europe/Copenhagen] PHP Warning:  Aborting. Could not fetch: http://free.sharedcount.com/?apikey=f9deb6270c697bc7cfc5596543be6a7f519747c8&url= in /Applications/MAMP/htdocs/newsscraper/newsscraper/classes/Logger.class.php on line 13
[28-Apr-2014 12:02:47 Europe/Copenhagen] PHP Warning:  Empty score-response: http://free.sharedcount.com/?apikey=f9deb6270c697bc7cfc5596543be6a7f519747c8&url= in /Applications/MAMP/htdocs/newsscraper/newsscraper/classes/Logger.class.php on line 13
[28-Apr-2014 12:02:59 Europe/Copenhagen] PHP Warning:  Retrying (1). Could not fetch: https://www.readability.com/api/content/v1/parser?url=http%3A%2F%2Fviborg-folkeblad.dk%2Fviborg-ff%2Ftopscorer-humor-vigtigst-at-holde-schwartz-vaek&token=a0cd2303be9f69868365ed2d1fd1f0d4c7328c0b in /Applications/MAMP/htdocs/newsscraper/newsscraper/classes/Logger.class.php on line 13
[28-Apr-2014 12:03:58 Europe/Copenhagen] PHP Notice:  Undefined property: Feeder::$logger in /Applications/MAMP/htdocs/newsscraper/newsscraper/classes/Feeder.class.php on line 74
[28-Apr-2014 12:03:58 Europe/Copenhagen] PHP Fatal error:  Call to a member function log() on a non-object in /Applications/MAMP/htdocs/newsscraper/newsscraper/classes/Feeder.class.php on line 74
[28-Apr-2014 12:08:50 Europe/Copenhagen] PHP Warning:  Retrying (1). Could not fetch: http://politiken.dk/rss/senestenyt.rss
 in /Applications/MAMP/htdocs/newsscraper/newsscraper/classes/Logger.class.php on line 13
[28-Apr-2014 12:08:50 Europe/Copenhagen] PHP Warning:  Retrying (2). Could not fetch: http://politiken.dk/rss/senestenyt.rss
 in /Applications/MAMP/htdocs/newsscraper/newsscraper/classes/Logger.class.php on line 13
[28-Apr-2014 12:08:50 Europe/Copenhagen] PHP Warning:  Retrying (3). Could not fetch: http://politiken.dk/rss/senestenyt.rss
 in /Applications/MAMP/htdocs/newsscraper/newsscraper/classes/Logger.class.php on line 13
[28-Apr-2014 12:08:50 Europe/Copenhagen] PHP Warning:  Aborting. Could not fetch: http://politiken.dk/rss/senestenyt.rss
 in /Applications/MAMP/htdocs/newsscraper/newsscraper/classes/Logger.class.php on line 13
[28-Apr-2014 12:08:50 Europe/Copenhagen] PHP Warning:  Non-valid or empty feed: http://politiken.dk/rss/senestenyt.rss
 in /Applications/MAMP/htdocs/newsscraper/newsscraper/classes/Logger.class.php on line 13
[28-Apr-2014 12:10:51 Europe/Copenhagen] PHP Warning:  Retrying (1). Could not fetch: https://www.readability.com/api/content/v1/parser?url=http%3A%2F%2Fferieliv.dk%2F2014%2F17%2FIsland-giver-dig+nordens-bedste-hotelpriser.aspx&token=a0cd2303be9f69868365ed2d1fd1f0d4c7328c0b in /Applications/MAMP/htdocs/newsscraper/newsscraper/classes/Logger.class.php on line 13
[28-Apr-2014 12:10:52 Europe/Copenhagen] PHP Warning:  Retrying (2). Could not fetch: https://www.readability.com/api/content/v1/parser?url=http%3A%2F%2Fferieliv.dk%2F2014%2F17%2FIsland-giver-dig+nordens-bedste-hotelpriser.aspx&token=a0cd2303be9f69868365ed2d1fd1f0d4c7328c0b in /Applications/MAMP/htdocs/newsscraper/newsscraper/classes/Logger.class.php on line 13
[28-Apr-2014 12:10:53 Europe/Copenhagen] PHP Warning:  Retrying (3). Could not fetch: https://www.readability.com/api/content/v1/parser?url=http%3A%2F%2Fferieliv.dk%2F2014%2F17%2FIsland-giver-dig+nordens-bedste-hotelpriser.aspx&token=a0cd2303be9f69868365ed2d1fd1f0d4c7328c0b in /Applications/MAMP/htdocs/newsscraper/newsscraper/classes/Logger.class.php on line 13
[28-Apr-2014 12:10:53 Europe/Copenhagen] PHP Warning:  Aborting. Could not fetch: https://www.readability.com/api/content/v1/parser?url=http%3A%2F%2Fferieliv.dk%2F2014%2F17%2FIsland-giver-dig+nordens-bedste-hotelpriser.aspx&token=a0cd2303be9f69868365ed2d1fd1f0d4c7328c0b in /Applications/MAMP/htdocs/newsscraper/newsscraper/classes/Logger.class.php on line 13
[28-Apr-2014 12:10:53 Europe/Copenhagen] PHP Warning:  Empty parse-response: https://www.readability.com/api/content/v1/parser?url=http%3A%2F%2Fferieliv.dk%2F2014%2F17%2FIsland-giver-dig+nordens-bedste-hotelpriser.aspx&token=a0cd2303be9f69868365ed2d1fd1f0d4c7328c0b in /Applications/MAMP/htdocs/newsscraper/newsscraper/classes/Logger.class.php on line 13
[28-Apr-2014 12:10:53 Europe/Copenhagen] PHP Warning:  Retrying (1). Could not fetch: http://free.sharedcount.com/?apikey=f9deb6270c697bc7cfc5596543be6a7f519747c8&url= in /Applications/MAMP/htdocs/newsscraper/newsscraper/classes/Logger.class.php on line 13
[28-Apr-2014 12:10:54 Europe/Copenhagen] PHP Warning:  Retrying (2). Could not fetch: http://free.sharedcount.com/?apikey=f9deb6270c697bc7cfc5596543be6a7f519747c8&url= in /Applications/MAMP/htdocs/newsscraper/newsscraper/classes/Logger.class.php on line 13
[28-Apr-2014 12:10:54 Europe/Copenhagen] PHP Warning:  Retrying (3). Could not fetch: http://free.sharedcount.com/?apikey=f9deb6270c697bc7cfc5596543be6a7f519747c8&url= in /Applications/MAMP/htdocs/newsscraper/newsscraper/classes/Logger.class.php on line 13
[28-Apr-2014 12:10:54 Europe/Copenhagen] PHP Warning:  Aborting. Could not fetch: http://free.sharedcount.com/?apikey=f9deb6270c697bc7cfc5596543be6a7f519747c8&url= in /Applications/MAMP/htdocs/newsscraper/newsscraper/classes/Logger.class.php on line 13
[28-Apr-2014 12:10:54 Europe/Copenhagen] PHP Warning:  Empty score-response: http://free.sharedcount.com/?apikey=f9deb6270c697bc7cfc5596543be6a7f519747c8&url= in /Applications/MAMP/htdocs/newsscraper/newsscraper/classes/Logger.class.php on line 13
[28-Apr-2014 12:11:33 Europe/Copenhagen] PHP Notice:  Created 39 feed-items. 736 items checked. 28 feeds. in /Applications/MAMP/htdocs/newsscraper/newsscraper/classes/Logger.class.php on line 13
[28-Apr-2014 12:54:49 Europe/Copenhagen] PHP Warning:  Retrying (1). Could not fetch: https://www.readability.com/api/content/v1/parser?url=http%3A%2F%2Fwww.bt.dk%2Frejseliv%2Fnominer-danmarks-bedste&token=a0cd2303be9f69868365ed2d1fd1f0d4c7328c0b in /Applications/MAMP/htdocs/newsscraper/newsscraper/classes/Logger.class.php on line 13
[28-Apr-2014 12:55:29 Europe/Copenhagen] PHP Warning:  Retrying (1). Could not fetch: http://politiken.dk/rss/senestenyt.rss
 in /Applications/MAMP/htdocs/newsscraper/newsscraper/classes/Logger.class.php on line 13
[28-Apr-2014 12:55:29 Europe/Copenhagen] PHP Warning:  Retrying (2). Could not fetch: http://politiken.dk/rss/senestenyt.rss
 in /Applications/MAMP/htdocs/newsscraper/newsscraper/classes/Logger.class.php on line 13
[28-Apr-2014 12:55:29 Europe/Copenhagen] PHP Warning:  Retrying (3). Could not fetch: http://politiken.dk/rss/senestenyt.rss
 in /Applications/MAMP/htdocs/newsscraper/newsscraper/classes/Logger.class.php on line 13
[28-Apr-2014 12:55:29 Europe/Copenhagen] PHP Warning:  Aborting. Could not fetch: http://politiken.dk/rss/senestenyt.rss
 in /Applications/MAMP/htdocs/newsscraper/newsscraper/classes/Logger.class.php on line 13
[28-Apr-2014 12:55:29 Europe/Copenhagen] PHP Warning:  Non-valid or empty feed: http://politiken.dk/rss/senestenyt.rss
 in /Applications/MAMP/htdocs/newsscraper/newsscraper/classes/Logger.class.php on line 13
[28-Apr-2014 12:58:26 Europe/Copenhagen] PHP Warning:  Retrying (1). Could not fetch: https://www.readability.com/api/content/v1/parser?url=http%3A%2F%2Fferieliv.dk%2F2014%2F17%2FIsland-giver-dig+nordens-bedste-hotelpriser.aspx&token=a0cd2303be9f69868365ed2d1fd1f0d4c7328c0b in /Applications/MAMP/htdocs/newsscraper/newsscraper/classes/Logger.class.php on line 13
[28-Apr-2014 12:58:27 Europe/Copenhagen] PHP Warning:  Retrying (2). Could not fetch: https://www.readability.com/api/content/v1/parser?url=http%3A%2F%2Fferieliv.dk%2F2014%2F17%2FIsland-giver-dig+nordens-bedste-hotelpriser.aspx&token=a0cd2303be9f69868365ed2d1fd1f0d4c7328c0b in /Applications/MAMP/htdocs/newsscraper/newsscraper/classes/Logger.class.php on line 13
[28-Apr-2014 12:58:28 Europe/Copenhagen] PHP Warning:  Retrying (3). Could not fetch: https://www.readability.com/api/content/v1/parser?url=http%3A%2F%2Fferieliv.dk%2F2014%2F17%2FIsland-giver-dig+nordens-bedste-hotelpriser.aspx&token=a0cd2303be9f69868365ed2d1fd1f0d4c7328c0b in /Applications/MAMP/htdocs/newsscraper/newsscraper/classes/Logger.class.php on line 13
[28-Apr-2014 12:58:29 Europe/Copenhagen] PHP Warning:  Aborting. Could not fetch: https://www.readability.com/api/content/v1/parser?url=http%3A%2F%2Fferieliv.dk%2F2014%2F17%2FIsland-giver-dig+nordens-bedste-hotelpriser.aspx&token=a0cd2303be9f69868365ed2d1fd1f0d4c7328c0b in /Applications/MAMP/htdocs/newsscraper/newsscraper/classes/Logger.class.php on line 13
[28-Apr-2014 12:58:29 Europe/Copenhagen] PHP Warning:  Empty parse-response: https://www.readability.com/api/content/v1/parser?url=http%3A%2F%2Fferieliv.dk%2F2014%2F17%2FIsland-giver-dig+nordens-bedste-hotelpriser.aspx&token=a0cd2303be9f69868365ed2d1fd1f0d4c7328c0b in /Applications/MAMP/htdocs/newsscraper/newsscraper/classes/Logger.class.php on line 13
[28-Apr-2014 12:58:29 Europe/Copenhagen] PHP Warning:  Retrying (1). Could not fetch: http://free.sharedcount.com/?apikey=f9deb6270c697bc7cfc5596543be6a7f519747c8&url= in /Applications/MAMP/htdocs/newsscraper/newsscraper/classes/Logger.class.php on line 13
[28-Apr-2014 12:58:29 Europe/Copenhagen] PHP Warning:  Retrying (2). Could not fetch: http://free.sharedcount.com/?apikey=f9deb6270c697bc7cfc5596543be6a7f519747c8&url= in /Applications/MAMP/htdocs/newsscraper/newsscraper/classes/Logger.class.php on line 13
[28-Apr-2014 12:58:29 Europe/Copenhagen] PHP Warning:  Retrying (3). Could not fetch: http://free.sharedcount.com/?apikey=f9deb6270c697bc7cfc5596543be6a7f519747c8&url= in /Applications/MAMP/htdocs/newsscraper/newsscraper/classes/Logger.class.php on line 13
[28-Apr-2014 12:58:30 Europe/Copenhagen] PHP Warning:  Aborting. Could not fetch: http://free.sharedcount.com/?apikey=f9deb6270c697bc7cfc5596543be6a7f519747c8&url= in /Applications/MAMP/htdocs/newsscraper/newsscraper/classes/Logger.class.php on line 13
[28-Apr-2014 12:58:30 Europe/Copenhagen] PHP Warning:  Empty score-response: http://free.sharedcount.com/?apikey=f9deb6270c697bc7cfc5596543be6a7f519747c8&url= in /Applications/MAMP/htdocs/newsscraper/newsscraper/classes/Logger.class.php on line 13
